# JRE version: Java(TM) SE Runtime Environment (8.0_121-b13) (build 1.8.0_121-b13)
# Java VM: Java HotSpot(TM) 64-Bit Server VM (25.121-b13 mixed mode windows-amd64 compressed oops)
Heap:
 PSYoungGen      total 88576K, used 27957K [0x000000078b400000, 0x0000000795b80000, 0x00000007c0000000)
  eden space 81920K, 26% used [0x000000078b400000,0x000000078c8ceab0,0x0000000790400000)
  from space 6656K, 99% used [0x0000000790400000,0x0000000790a7ea48,0x0000000790a80000)
  to   space 9216K, 0% used [0x0000000795280000,0x0000000795280000,0x0000000795b80000)
 ParOldGen       total 55808K, used 8609K [0x0000000721c00000, 0x0000000725280000, 0x000000078b400000)
  object space 55808K, 15% used [0x0000000721c00000,0x0000000722468758,0x0000000725280000)
 Metaspace       used 26369K, capacity 27252K, committed 27392K, reserved 1073152K
  class space    used 3345K, capacity 3538K, committed 3584K, reserved 1048576K
GC Heap History (10 events):
Event: 6.791 GC heap before
{Heap before GC invocations=2 (full 0):
 PSYoungGen      total 47616K, used 45902K [0x000000078b400000, 0x000000078e900000, 0x00000007c0000000)
  eden space 40960K, 100% used [0x000000078b400000,0x000000078dc00000,0x000000078dc00000)
  from space 6656K, 74% used [0x000000078dc00000,0x000000078e0d3ae8,0x000000078e280000)
  to   space 6656K, 0% used [0x000000078e280000,0x000000078e280000,0x000000078e900000)
 ParOldGen       total 109568K, used 16K [0x0000000721c00000, 0x0000000728700000, 0x000000078b400000)
  object space 109568K, 0% used [0x0000000721c00000,0x0000000721c04000,0x0000000728700000)
 Metaspace       used 13914K, capacity 14316K, committed 14592K, reserved 1062912K
  class space    used 1672K, capacity 1772K, committed 1792K, reserved 1048576K
Event: 6.828 GC heap after
Heap after GC invocations=2 (full 0):
 PSYoungGen      total 47616K, used 6102K [0x000000078b400000, 0x0000000791100000, 0x00000007c0000000)
  eden space 40960K, 0% used [0x000000078b400000,0x000000078b400000,0x000000078dc00000)
  from space 6656K, 91% used [0x000000078e280000,0x000000078e8759f0,0x000000078e900000)
  to   space 6656K, 0% used [0x000000078dc00000,0x000000078dc00000,0x000000078e280000)
 ParOldGen       total 109568K, used 24K [0x0000000721c00000, 0x0000000728700000, 0x000000078b400000)
  object space 109568K, 0% used [0x0000000721c00000,0x0000000721c06000,0x0000000728700000)
 Metaspace       used 13914K, capacity 14316K, committed 14592K, reserved 1062912K
  class space    used 1672K, capacity 1772K, committed 1792K, reserved 1048576K
}
Event: 7.433 GC heap before
{Heap before GC invocations=3 (full 0):
 PSYoungGen      total 47616K, used 47062K [0x000000078b400000, 0x0000000791100000, 0x00000007c0000000)
  eden space 40960K, 100% used [0x000000078b400000,0x000000078dc00000,0x000000078dc00000)
  from space 6656K, 91% used [0x000000078e280000,0x000000078e8759f0,0x000000078e900000)
  to   space 6656K, 0% used [0x000000078dc00000,0x000000078dc00000,0x000000078e280000)
 ParOldGen       total 109568K, used 24K [0x0000000721c00000, 0x0000000728700000, 0x000000078b400000)
  object space 109568K, 0% used [0x0000000721c00000,0x0000000721c060c0,0x0000000728700000)
 Metaspace       used 16540K, capacity 17146K, committed 17152K, reserved 1064960K
  class space    used 2149K, capacity 2301K, committed 2304K, reserved 1048576K
Event: 7.477 GC heap after
Heap after GC invocations=3 (full 0):
 PSYoungGen      total 47616K, used 6152K [0x000000078b400000, 0x0000000791100000, 0x00000007c0000000)
  eden space 40960K, 0% used [0x000000078b400000,0x000000078b400000,0x000000078dc00000)
  from space 6656K, 92% used [0x000000078dc00000,0x000000078e202398,0x000000078e280000)
  to   space 6656K, 0% used [0x0000000790a80000,0x0000000790a80000,0x0000000791100000)
 ParOldGen       total 109568K, used 32K [0x0000000721c00000, 0x0000000728700000, 0x000000078b400000)
  object space 109568K, 0% used [0x0000000721c00000,0x0000000721c080c0,0x0000000728700000)
 Metaspace       used 16540K, capacity 17146K, committed 17152K, reserved 1064960K
  class space    used 2149K, capacity 2301K, committed 2304K, reserved 1048576K
}
Event: 8.138 GC heap before
{Heap before GC invocations=4 (full 0):
 PSYoungGen      total 47616K, used 46752K [0x000000078b400000, 0x0000000791100000, 0x00000007c0000000)
  eden space 40960K, 99% used [0x000000078b400000,0x000000078dba5fb0,0x000000078dc00000)
  from space 6656K, 92% used [0x000000078dc00000,0x000000078e202398,0x000000078e280000)
  to   space 6656K, 0% used [0x0000000790a80000,0x0000000790a80000,0x0000000791100000)
 ParOldGen       total 109568K, used 32K [0x0000000721c00000, 0x0000000728700000, 0x000000078b400000)
  object space 109568K, 0% used [0x0000000721c00000,0x0000000721c080c0,0x0000000728700000)
 Metaspace       used 20556K, capacity 21190K, committed 21248K, reserved 1067008K
  class space    used 2619K, capacity 2785K, committed 2816K, reserved 1048576K
Event: 8.345 GC heap after
Heap after GC invocations=4 (full 0):
 PSYoungGen      total 88576K, used 6632K [0x000000078b400000, 0x0000000791100000, 0x00000007c0000000)
  eden space 81920K, 0% used [0x000000078b400000,0x000000078b400000,0x0000000790400000)
  from space 6656K, 99% used [0x0000000790a80000,0x00000007910fa310,0x0000000791100000)
  to   space 6656K, 0% used [0x0000000790400000,0x0000000790400000,0x0000000790a80000)
 ParOldGen       total 109568K, used 1941K [0x0000000721c00000, 0x0000000728700000, 0x000000078b400000)
  object space 109568K, 1% used [0x0000000721c00000,0x0000000721de5578,0x0000000728700000)
 Metaspace       used 20556K, capacity 21190K, committed 21248K, reserved 1067008K
  class space    used 2619K, capacity 2785K, committed 2816K, reserved 1048576K
}
Event: 8.345 GC heap before
{Heap before GC invocations=5 (full 1):
 PSYoungGen      total 88576K, used 6632K [0x000000078b400000, 0x0000000791100000, 0x00000007c0000000)
  eden space 81920K, 0% used [0x000000078b400000,0x000000078b400000,0x0000000790400000)
  from space 6656K, 99% used [0x0000000790a80000,0x00000007910fa310,0x0000000791100000)
  to   space 6656K, 0% used [0x0000000790400000,0x0000000790400000,0x0000000790a80000)
 ParOldGen       total 109568K, used 1941K [0x0000000721c00000, 0x0000000728700000, 0x000000078b400000)
  object space 109568K, 1% used [0x0000000721c00000,0x0000000721de5578,0x0000000728700000)
 Metaspace       used 20556K, capacity 21190K, committed 21248K, reserved 1067008K
  class space    used 2619K, capacity 2785K, committed 2816K, reserved 1048576K
Event: 8.426 GC heap after
Heap after GC invocations=5 (full 1):
 PSYoungGen      total 88576K, used 0K [0x000000078b400000, 0x0000000791100000, 0x00000007c0000000)
  eden space 81920K, 0% used [0x000000078b400000,0x000000078b400000,0x0000000790400000)
  from space 6656K, 0% used [0x0000000790a80000,0x0000000790a80000,0x0000000791100000)
  to   space 6656K, 0% used [0x0000000790400000,0x0000000790400000,0x0000000790a80000)
 ParOldGen       total 55808K, used 8183K [0x0000000721c00000, 0x0000000725280000, 0x000000078b400000)
  object space 55808K, 14% used [0x0000000721c00000,0x00000007223fdd60,0x0000000725280000)
 Metaspace       used 20556K, capacity 21190K, committed 21248K, reserved 1067008K
  class space    used 2619K, capacity 2785K, committed 2816K, reserved 1048576K
}
Event: 14.335 GC heap before
{Heap before GC invocations=6 (full 1):
 PSYoungGen      total 88576K, used 81920K [0x000000078b400000, 0x0000000791100000, 0x00000007c0000000)
  eden space 81920K, 100% used [0x000000078b400000,0x0000000790400000,0x0000000790400000)
  from space 6656K, 0% used [0x0000000790a80000,0x0000000790a80000,0x0000000791100000)
  to   space 6656K, 0% used [0x0000000790400000,0x0000000790400000,0x0000000790a80000)
 ParOldGen       total 55808K, used 8185K [0x0000000721c00000, 0x0000000725280000, 0x000000078b400000)
  object space 55808K, 14% used [0x0000000721c00000,0x00000007223fe6c0,0x0000000725280000)
 Metaspace       used 26034K, capacity 26800K, committed 27136K, reserved 1073152K
  class space    used 3303K, capacity 3490K, committed 3584K, reserved 1048576K
Event: 14.383 GC heap after
Heap after GC invocations=6 (full 1):
 PSYoungGen      total 88576K, used 6650K [0x000000078b400000, 0x0000000795b80000, 0x00000007c0000000)
  eden space 81920K, 0% used [0x000000078b400000,0x000000078b400000,0x0000000790400000)
  from space 6656K, 99% used [0x0000000790400000,0x0000000790a7ea48,0x0000000790a80000)
  to   space 9216K, 0% used [0x0000000795280000,0x0000000795280000,0x0000000795b80000)
 ParOldGen       total 55808K, used 8609K [0x0000000721c00000, 0x0000000725280000, 0x000000078b400000)
  object space 55808K, 15% used [0x0000000721c00000,0x0000000722468758,0x0000000725280000)
 Metaspace       used 26034K, capacity 26800K, committed 27136K, reserved 1073152K
  class space    used 3303K, capacity 3490K, committed 3584K, reserved 1048576K
}

