# JRE version: Java(TM) SE Runtime Environment (8.0_121-b13) (build 1.8.0_121-b13)
# Java VM: Java HotSpot(TM) 64-Bit Server VM (25.121-b13 mixed mode windows-amd64 compressed oops)
Heap:
 PSYoungGen      total 166400K, used 77306K [0x000000078b400000, 0x0000000796580000, 0x00000007c0000000)
  eden space 161280K, 46% used [0x000000078b400000,0x000000078fd3aa18,0x0000000795180000)
  from space 5120K, 45% used [0x0000000796080000,0x00000007962c4048,0x0000000796580000)
  to   space 10240K, 0% used [0x0000000795180000,0x0000000795180000,0x0000000795b80000)
 ParOldGen       total 92160K, used 14636K [0x0000000721c00000, 0x0000000727600000, 0x000000078b400000)
  object space 92160K, 15% used [0x0000000721c00000,0x0000000722a4b338,0x0000000727600000)
 Metaspace       used 36119K, capacity 37266K, committed 37464K, reserved 1081344K
  class space    used 4514K, capacity 4741K, committed 4864K, reserved 1048576K
GC Heap History (10 events):
Event: 18.690 GC heap before
{Heap before GC invocations=8 (full 1):
 PSYoungGen      total 76800K, used 76308K [0x000000078b400000, 0x0000000791180000, 0x00000007c0000000)
  eden space 71680K, 100% used [0x000000078b400000,0x000000078fa00000,0x000000078fa00000)
  from space 5120K, 90% used [0x0000000790c80000,0x0000000791105040,0x0000000791180000)
  to   space 8704K, 0% used [0x0000000790080000,0x0000000790080000,0x0000000790900000)
 ParOldGen       total 57344K, used 5455K [0x0000000721c00000, 0x0000000725400000, 0x000000078b400000)
  object space 57344K, 9% used [0x0000000721c00000,0x0000000722153dd0,0x0000000725400000)
 Metaspace       used 26969K, capacity 27918K, committed 28032K, reserved 1073152K
  class space    used 3433K, capacity 3651K, committed 3712K, reserved 1048576K
Event: 18.700 GC heap after
Heap after GC invocations=8 (full 1):
 PSYoungGen      total 87040K, used 6559K [0x000000078b400000, 0x0000000793c00000, 0x00000007c0000000)
  eden space 78336K, 0% used [0x000000078b400000,0x000000078b400000,0x0000000790080000)
  from space 8704K, 75% used [0x0000000790080000,0x00000007906e7c18,0x0000000790900000)
  to   space 8704K, 0% used [0x0000000793380000,0x0000000793380000,0x0000000793c00000)
 ParOldGen       total 57344K, used 5463K [0x0000000721c00000, 0x0000000725400000, 0x000000078b400000)
  object space 57344K, 9% used [0x0000000721c00000,0x0000000722155dd0,0x0000000725400000)
 Metaspace       used 26969K, capacity 27918K, committed 28032K, reserved 1073152K
  class space    used 3433K, capacity 3651K, committed 3712K, reserved 1048576K
}
Event: 20.980 GC heap before
{Heap before GC invocations=9 (full 1):
 PSYoungGen      total 87040K, used 84895K [0x000000078b400000, 0x0000000793c00000, 0x00000007c0000000)
  eden space 78336K, 100% used [0x000000078b400000,0x0000000790080000,0x0000000790080000)
  from space 8704K, 75% used [0x0000000790080000,0x00000007906e7c18,0x0000000790900000)
  to   space 8704K, 0% used [0x0000000793380000,0x0000000793380000,0x0000000793c00000)
 ParOldGen       total 57344K, used 5463K [0x0000000721c00000, 0x0000000725400000, 0x000000078b400000)
  object space 57344K, 9% used [0x0000000721c00000,0x0000000722155dd0,0x0000000725400000)
 Metaspace       used 30163K, capacity 31182K, committed 31488K, reserved 1077248K
  class space    used 3831K, capacity 4041K, committed 4096K, reserved 1048576K
Event: 21.000 GC heap after
Heap after GC invocations=9 (full 1):
 PSYoungGen      total 129536K, used 8690K [0x000000078b400000, 0x0000000794780000, 0x00000007c0000000)
  eden space 120832K, 0% used [0x000000078b400000,0x000000078b400000,0x0000000792a00000)
  from space 8704K, 99% used [0x0000000793380000,0x0000000793bfcb70,0x0000000793c00000)
  to   space 9728K, 0% used [0x0000000792a00000,0x0000000792a00000,0x0000000793380000)
 ParOldGen       total 57344K, used 5810K [0x0000000721c00000, 0x0000000725400000, 0x000000078b400000)
  object space 57344K, 10% used [0x0000000721c00000,0x00000007221acb08,0x0000000725400000)
 Metaspace       used 30163K, capacity 31182K, committed 31488K, reserved 1077248K
  class space    used 3831K, capacity 4041K, committed 4096K, reserved 1048576K
}
Event: 25.060 GC heap before
{Heap before GC invocations=10 (full 1):
 PSYoungGen      total 129536K, used 46360K [0x000000078b400000, 0x0000000794780000, 0x00000007c0000000)
  eden space 120832K, 31% used [0x000000078b400000,0x000000078d8c9530,0x0000000792a00000)
  from space 8704K, 99% used [0x0000000793380000,0x0000000793bfcb70,0x0000000793c00000)
  to   space 9728K, 0% used [0x0000000792a00000,0x0000000792a00000,0x0000000793380000)
 ParOldGen       total 57344K, used 5810K [0x0000000721c00000, 0x0000000725400000, 0x000000078b400000)
  object space 57344K, 10% used [0x0000000721c00000,0x00000007221acb08,0x0000000725400000)
 Metaspace       used 34346K, capacity 35366K, committed 35416K, reserved 1081344K
  class space    used 4364K, capacity 4585K, committed 4608K, reserved 1048576K
Event: 25.073 GC heap after
Heap after GC invocations=10 (full 1):
 PSYoungGen      total 130560K, used 7857K [0x000000078b400000, 0x0000000796a00000, 0x00000007c0000000)
  eden space 120832K, 0% used [0x000000078b400000,0x000000078b400000,0x0000000792a00000)
  from space 9728K, 80% used [0x0000000792a00000,0x00000007931ac710,0x0000000793380000)
  to   space 9728K, 0% used [0x0000000796080000,0x0000000796080000,0x0000000796a00000)
 ParOldGen       total 57344K, used 7766K [0x0000000721c00000, 0x0000000725400000, 0x000000078b400000)
  object space 57344K, 13% used [0x0000000721c00000,0x0000000722395b38,0x0000000725400000)
 Metaspace       used 34346K, capacity 35366K, committed 35416K, reserved 1081344K
  class space    used 4364K, capacity 4585K, committed 4608K, reserved 1048576K
}
Event: 25.073 GC heap before
{Heap before GC invocations=11 (full 2):
 PSYoungGen      total 130560K, used 7857K [0x000000078b400000, 0x0000000796a00000, 0x00000007c0000000)
  eden space 120832K, 0% used [0x000000078b400000,0x000000078b400000,0x0000000792a00000)
  from space 9728K, 80% used [0x0000000792a00000,0x00000007931ac710,0x0000000793380000)
  to   space 9728K, 0% used [0x0000000796080000,0x0000000796080000,0x0000000796a00000)
 ParOldGen       total 57344K, used 7766K [0x0000000721c00000, 0x0000000725400000, 0x000000078b400000)
  object space 57344K, 13% used [0x0000000721c00000,0x0000000722395b38,0x0000000725400000)
 Metaspace       used 34346K, capacity 35366K, committed 35416K, reserved 1081344K
  class space    used 4364K, capacity 4585K, committed 4608K, reserved 1048576K
Event: 25.263 GC heap after
Heap after GC invocations=11 (full 2):
 PSYoungGen      total 130560K, used 0K [0x000000078b400000, 0x0000000796a00000, 0x00000007c0000000)
  eden space 120832K, 0% used [0x000000078b400000,0x000000078b400000,0x0000000792a00000)
  from space 9728K, 0% used [0x0000000792a00000,0x0000000792a00000,0x0000000793380000)
  to   space 9728K, 0% used [0x0000000796080000,0x0000000796080000,0x0000000796a00000)
 ParOldGen       total 92160K, used 14636K [0x0000000721c00000, 0x0000000727600000, 0x000000078b400000)
  object space 92160K, 15% used [0x0000000721c00000,0x0000000722a4b338,0x0000000727600000)
 Metaspace       used 34346K, capacity 35366K, committed 35416K, reserved 1081344K
  class space    used 4364K, capacity 4585K, committed 4608K, reserved 1048576K
}
Event: 26.466 GC heap before
{Heap before GC invocations=12 (full 2):
 PSYoungGen      total 130560K, used 120832K [0x000000078b400000, 0x0000000796a00000, 0x00000007c0000000)
  eden space 120832K, 100% used [0x000000078b400000,0x0000000792a00000,0x0000000792a00000)
  from space 9728K, 0% used [0x0000000792a00000,0x0000000792a00000,0x0000000793380000)
  to   space 9728K, 0% used [0x0000000796080000,0x0000000796080000,0x0000000796a00000)
 ParOldGen       total 92160K, used 14636K [0x0000000721c00000, 0x0000000727600000, 0x000000078b400000)
  object space 92160K, 15% used [0x0000000721c00000,0x0000000722a4b338,0x0000000727600000)
 Metaspace       used 35175K, capacity 36280K, committed 36568K, reserved 1081344K
  class space    used 4415K, capacity 4652K, committed 4736K, reserved 1048576K
Event: 26.492 GC heap after
Heap after GC invocations=12 (full 2):
 PSYoungGen      total 166400K, used 2320K [0x000000078b400000, 0x0000000796580000, 0x00000007c0000000)
  eden space 161280K, 0% used [0x000000078b400000,0x000000078b400000,0x0000000795180000)
  from space 5120K, 45% used [0x0000000796080000,0x00000007962c4048,0x0000000796580000)
  to   space 10240K, 0% used [0x0000000795180000,0x0000000795180000,0x0000000795b80000)
 ParOldGen       total 92160K, used 14636K [0x0000000721c00000, 0x0000000727600000, 0x000000078b400000)
  object space 92160K, 15% used [0x0000000721c00000,0x0000000722a4b338,0x0000000727600000)
 Metaspace       used 35175K, capacity 36280K, committed 36568K, reserved 1081344K
  class space    used 4415K, capacity 4652K, committed 4736K, reserved 1048576K
}

