# JRE version: Java(TM) SE Runtime Environment (8.0_121-b13) (build 1.8.0_121-b13)
# Java VM: Java HotSpot(TM) 64-Bit Server VM (25.121-b13 mixed mode windows-amd64 compressed oops)
Heap:
 PSYoungGen      total 173568K, used 104170K [0x000000078b400000, 0x0000000796900000, 0x00000007c0000000)
  eden space 161792K, 64% used [0x000000078b400000,0x00000007919baa18,0x0000000795200000)
  from space 11776K, 0% used [0x0000000795d80000,0x0000000795d80000,0x0000000796900000)
  to   space 6656K, 0% used [0x0000000795400000,0x0000000795400000,0x0000000795a80000)
 ParOldGen       total 75776K, used 14597K [0x0000000721c00000, 0x0000000726600000, 0x000000078b400000)
  object space 75776K, 19% used [0x0000000721c00000,0x0000000722a41450,0x0000000726600000)
 Metaspace       used 35172K, capacity 36284K, committed 36568K, reserved 1081344K
  class space    used 4417K, capacity 4652K, committed 4736K, reserved 1048576K
GC Heap History (10 events):
Event: 7.956 GC heap before
{Heap before GC invocations=4 (full 1):
 PSYoungGen      total 88576K, used 6649K [0x000000078b400000, 0x0000000796100000, 0x00000007c0000000)
  eden space 81920K, 0% used [0x000000078b400000,0x000000078b400000,0x0000000790400000)
  from space 6656K, 99% used [0x0000000790400000,0x0000000790a7e7a8,0x0000000790a80000)
  to   space 6656K, 0% used [0x0000000795a80000,0x0000000795a80000,0x0000000796100000)
 ParOldGen       total 109568K, used 3557K [0x0000000721c00000, 0x0000000728700000, 0x000000078b400000)
  object space 109568K, 3% used [0x0000000721c00000,0x0000000721f795c0,0x0000000728700000)
 Metaspace       used 20528K, capacity 21190K, committed 21248K, reserved 1067008K
  class space    used 2609K, capacity 2783K, committed 2816K, reserved 1048576K
Event: 8.243 GC heap after
Heap after GC invocations=4 (full 1):
 PSYoungGen      total 88576K, used 0K [0x000000078b400000, 0x0000000796100000, 0x00000007c0000000)
  eden space 81920K, 0% used [0x000000078b400000,0x000000078b400000,0x0000000790400000)
  from space 6656K, 0% used [0x0000000790400000,0x0000000790400000,0x0000000790a80000)
  to   space 6656K, 0% used [0x0000000795a80000,0x0000000795a80000,0x0000000796100000)
 ParOldGen       total 75776K, used 9908K [0x0000000721c00000, 0x0000000726600000, 0x000000078b400000)
  object space 75776K, 13% used [0x0000000721c00000,0x00000007225ad3b0,0x0000000726600000)
 Metaspace       used 20528K, capacity 21190K, committed 21248K, reserved 1067008K
  class space    used 2609K, capacity 2783K, committed 2816K, reserved 1048576K
}
Event: 12.709 GC heap before
{Heap before GC invocations=5 (full 1):
 PSYoungGen      total 88576K, used 81920K [0x000000078b400000, 0x0000000796100000, 0x00000007c0000000)
  eden space 81920K, 100% used [0x000000078b400000,0x0000000790400000,0x0000000790400000)
  from space 6656K, 0% used [0x0000000790400000,0x0000000790400000,0x0000000790a80000)
  to   space 6656K, 0% used [0x0000000795a80000,0x0000000795a80000,0x0000000796100000)
 ParOldGen       total 75776K, used 9908K [0x0000000721c00000, 0x0000000726600000, 0x000000078b400000)
  object space 75776K, 13% used [0x0000000721c00000,0x00000007225ad3b0,0x0000000726600000)
 Metaspace       used 26018K, capacity 26804K, committed 27136K, reserved 1073152K
  class space    used 3301K, capacity 3490K, committed 3584K, reserved 1048576K
Event: 12.724 GC heap after
Heap after GC invocations=5 (full 1):
 PSYoungGen      total 123904K, used 6626K [0x000000078b400000, 0x0000000796100000, 0x00000007c0000000)
  eden space 117248K, 0% used [0x000000078b400000,0x000000078b400000,0x0000000792680000)
  from space 6656K, 99% used [0x0000000795a80000,0x00000007960f8ad0,0x0000000796100000)
  to   space 6656K, 0% used [0x0000000795400000,0x0000000795400000,0x0000000795a80000)
 ParOldGen       total 75776K, used 10245K [0x0000000721c00000, 0x0000000726600000, 0x000000078b400000)
  object space 75776K, 13% used [0x0000000721c00000,0x0000000722601640,0x0000000726600000)
 Metaspace       used 26018K, capacity 26804K, committed 27136K, reserved 1073152K
  class space    used 3301K, capacity 3490K, committed 3584K, reserved 1048576K
}
Event: 15.239 GC heap before
{Heap before GC invocations=6 (full 1):
 PSYoungGen      total 123904K, used 123874K [0x000000078b400000, 0x0000000796100000, 0x00000007c0000000)
  eden space 117248K, 100% used [0x000000078b400000,0x0000000792680000,0x0000000792680000)
  from space 6656K, 99% used [0x0000000795a80000,0x00000007960f8ad0,0x0000000796100000)
  to   space 6656K, 0% used [0x0000000795400000,0x0000000795400000,0x0000000795a80000)
 ParOldGen       total 75776K, used 10245K [0x0000000721c00000, 0x0000000726600000, 0x000000078b400000)
  object space 75776K, 13% used [0x0000000721c00000,0x0000000722601640,0x0000000726600000)
 Metaspace       used 30162K, capacity 31118K, committed 31232K, reserved 1077248K
  class space    used 3835K, capacity 4041K, committed 4096K, reserved 1048576K
Event: 15.258 GC heap after
Heap after GC invocations=6 (full 1):
 PSYoungGen      total 168448K, used 6624K [0x000000078b400000, 0x0000000796900000, 0x00000007c0000000)
  eden space 161792K, 0% used [0x000000078b400000,0x000000078b400000,0x0000000795200000)
  from space 6656K, 99% used [0x0000000795400000,0x0000000795a78030,0x0000000795a80000)
  to   space 11776K, 0% used [0x0000000795d80000,0x0000000795d80000,0x0000000796900000)
 ParOldGen       total 75776K, used 14175K [0x0000000721c00000, 0x0000000726600000, 0x000000078b400000)
  object space 75776K, 18% used [0x0000000721c00000,0x00000007229d7d88,0x0000000726600000)
 Metaspace       used 30162K, capacity 31118K, committed 31232K, reserved 1077248K
  class space    used 3835K, capacity 4041K, committed 4096K, reserved 1048576K
}
Event: 16.649 GC heap before
{Heap before GC invocations=7 (full 1):
 PSYoungGen      total 168448K, used 42555K [0x000000078b400000, 0x0000000796900000, 0x00000007c0000000)
  eden space 161792K, 22% used [0x000000078b400000,0x000000078d716fb8,0x0000000795200000)
  from space 6656K, 99% used [0x0000000795400000,0x0000000795a78030,0x0000000795a80000)
  to   space 11776K, 0% used [0x0000000795d80000,0x0000000795d80000,0x0000000796900000)
 ParOldGen       total 75776K, used 14175K [0x0000000721c00000, 0x0000000726600000, 0x000000078b400000)
  object space 75776K, 18% used [0x0000000721c00000,0x00000007229d7d88,0x0000000726600000)
 Metaspace       used 34270K, capacity 35306K, committed 35416K, reserved 1081344K
  class space    used 4359K, capacity 4585K, committed 4608K, reserved 1048576K
Event: 16.675 GC heap after
Heap after GC invocations=7 (full 1):
 PSYoungGen      total 173568K, used 9439K [0x000000078b400000, 0x0000000796900000, 0x00000007c0000000)
  eden space 161792K, 0% used [0x000000078b400000,0x000000078b400000,0x0000000795200000)
  from space 11776K, 80% used [0x0000000795d80000,0x00000007966b7c08,0x0000000796900000)
  to   space 6656K, 0% used [0x0000000795400000,0x0000000795400000,0x0000000795a80000)
 ParOldGen       total 75776K, used 14247K [0x0000000721c00000, 0x0000000726600000, 0x000000078b400000)
  object space 75776K, 18% used [0x0000000721c00000,0x00000007229e9d98,0x0000000726600000)
 Metaspace       used 34270K, capacity 35306K, committed 35416K, reserved 1081344K
  class space    used 4359K, capacity 4585K, committed 4608K, reserved 1048576K
}
Event: 16.676 GC heap before
{Heap before GC invocations=8 (full 2):
 PSYoungGen      total 173568K, used 9439K [0x000000078b400000, 0x0000000796900000, 0x00000007c0000000)
  eden space 161792K, 0% used [0x000000078b400000,0x000000078b400000,0x0000000795200000)
  from space 11776K, 80% used [0x0000000795d80000,0x00000007966b7c08,0x0000000796900000)
  to   space 6656K, 0% used [0x0000000795400000,0x0000000795400000,0x0000000795a80000)
 ParOldGen       total 75776K, used 14247K [0x0000000721c00000, 0x0000000726600000, 0x000000078b400000)
  object space 75776K, 18% used [0x0000000721c00000,0x00000007229e9d98,0x0000000726600000)
 Metaspace       used 34270K, capacity 35306K, committed 35416K, reserved 1081344K
  class space    used 4359K, capacity 4585K, committed 4608K, reserved 1048576K
Event: 16.880 GC heap after
Heap after GC invocations=8 (full 2):
 PSYoungGen      total 173568K, used 0K [0x000000078b400000, 0x0000000796900000, 0x00000007c0000000)
  eden space 161792K, 0% used [0x000000078b400000,0x000000078b400000,0x0000000795200000)
  from space 11776K, 0% used [0x0000000795d80000,0x0000000795d80000,0x0000000796900000)
  to   space 6656K, 0% used [0x0000000795400000,0x0000000795400000,0x0000000795a80000)
 ParOldGen       total 75776K, used 14597K [0x0000000721c00000, 0x0000000726600000, 0x000000078b400000)
  object space 75776K, 19% used [0x0000000721c00000,0x0000000722a41450,0x0000000726600000)
 Metaspace       used 34270K, capacity 35306K, committed 35416K, reserved 1081344K
  class space    used 4359K, capacity 4585K, committed 4608K, reserved 1048576K
}

